<?xml version="1.0" encoding="UTF-8"?>
<!-- Generated by org.testng.reporters.JUnitXMLReporter -->
<testsuite hostname="DESKTOP-5IG2H4A" ignored="13" name="Default test" tests="1" failures="0" timestamp="03 五月 2020 10:49:46 GMT" time="43.702" errors="0">
  <testcase name="add12" time="29.808" classname="edu.testcase.AddTest"/>
  <testcase name="add1" time="0.0" classname="edu.testcase.AddTest">
    <ignored/>
  </testcase> <!-- add1 -->
  <testcase name="add13" time="0.0" classname="edu.testcase.AddTest">
    <ignored/>
  </testcase> <!-- add13 -->
  <testcase name="add14" time="0.0" classname="edu.testcase.AddTest">
    <ignored/>
  </testcase> <!-- add14 -->
  <testcase name="add11" time="0.0" classname="edu.testcase.AddTest">
    <ignored/>
  </testcase> <!-- add11 -->
  <testcase name="add8" time="0.0" classname="edu.testcase.AddTest">
    <ignored/>
  </testcase> <!-- add8 -->
  <testcase name="add10" time="0.0" classname="edu.testcase.AddTest">
    <ignored/>
  </testcase> <!-- add10 -->
  <testcase name="add9" time="0.0" classname="edu.testcase.AddTest">
    <ignored/>
  </testcase> <!-- add9 -->
  <testcase name="add6" time="0.0" classname="edu.testcase.AddTest">
    <ignored/>
  </testcase> <!-- add6 -->
  <testcase name="add7" time="0.0" classname="edu.testcase.AddTest">
    <ignored/>
  </testcase> <!-- add7 -->
  <testcase name="add4" time="0.0" classname="edu.testcase.AddTest">
    <ignored/>
  </testcase> <!-- add4 -->
  <testcase name="add5" time="0.0" classname="edu.testcase.AddTest">
    <ignored/>
  </testcase> <!-- add5 -->
  <testcase name="add2" time="0.0" classname="edu.testcase.AddTest">
    <ignored/>
  </testcase> <!-- add2 -->
  <testcase name="add3" time="0.0" classname="edu.testcase.AddTest">
    <ignored/>
  </testcase> <!-- add3 -->
</testsuite> <!-- Default test -->
