<?xml version="1.0" encoding="UTF-8"?>
<!-- Generated by org.testng.reporters.JUnitXMLReporter -->
<testsuite hostname="LAPTOP-KJ49V8PT" name="Default test" tests="3" failures="0" timestamp="6 May 2020 15:22:11 GMT" time="122.243" errors="0">
  <testcase name="personal_invitation" time="33.45" classname="enjoyball_test.HomePageTest"/>
  <testcase name="personal_invitation" time="35.376" classname="enjoyball_test.HomePageTest"/>
  <testcase name="personal_invitation" time="30.498" classname="enjoyball_test.HomePageTest"/>
</testsuite> <!-- Default test -->
