<?xml version="1.0" encoding="UTF-8"?>
<testng-results skipped="0" failed="0" total="1" passed="1">
  <reporter-output>
  </reporter-output>
  <suite name="Default suite" duration-ms="22998" started-at="2020-04-30T11:29:50Z" finished-at="2020-04-30T11:30:13Z">
    <groups>
    </groups>
    <test name="Default test" duration-ms="22998" started-at="2020-04-30T11:29:50Z" finished-at="2020-04-30T11:30:13Z">
      <class name="edu.testcase.RegisterTest">
        <test-method status="PASS" signature="globalSetup()[pri:0, instance:edu.testcase.RegisterTest@4cc0edeb]" name="globalSetup" is-config="true" duration-ms="13885" started-at="2020-04-30T19:29:50Z" finished-at="2020-04-30T19:30:04Z">
          <reporter-output>
          </reporter-output>
        </test-method> <!-- globalSetup -->
        <test-method status="PASS" signature="clickRegister()[pri:0, instance:edu.testcase.RegisterTest@4cc0edeb]" name="clickRegister" is-config="true" duration-ms="0" started-at="2020-04-30T19:30:04Z" finished-at="2020-04-30T19:30:04Z">
          <reporter-output>
          </reporter-output>
        </test-method> <!-- clickRegister -->
        <test-method status="PASS" signature="test2()[pri:2, instance:edu.testcase.RegisterTest@4cc0edeb]" name="test2" duration-ms="9097" started-at="2020-04-30T19:30:04Z" finished-at="2020-04-30T19:30:13Z">
          <reporter-output>
          </reporter-output>
        </test-method> <!-- test2 -->
      </class> <!-- edu.testcase.RegisterTest -->
    </test> <!-- Default test -->
  </suite> <!-- Default suite -->
</testng-results>
